[debug] [2023-12-17T02:31:51.470Z] ----------------------------------------------------------------------
[debug] [2023-12-17T02:31:51.471Z] Command:       /home/tannal/.nvm/versions/node/v20.10.0/bin/node /home/tannal/.nvm/versions/node/v20.10.0/bin/firebase init
[debug] [2023-12-17T02:31:51.471Z] CLI Version:   13.0.2
[debug] [2023-12-17T02:31:51.472Z] Platform:      linux
[debug] [2023-12-17T02:31:51.472Z] Node Version:  v20.10.0
[debug] [2023-12-17T02:31:51.472Z] Time:          Sun Dec 17 2023 10:31:51 GMT+0800 (China Standard Time)
[debug] [2023-12-17T02:31:51.472Z] ----------------------------------------------------------------------
[debug] 
[debug] [2023-12-17T02:31:51.475Z] > command requires scopes: ["email","openid","https://www.googleapis.com/auth/cloudplatformprojects.readonly","https://www.googleapis.com/auth/firebase","https://www.googleapis.com/auth/cloud-platform"]
[debug] [2023-12-17T02:31:51.475Z] > authorizing via signed-in user (tannal2409@gmail.com)
[info] 
     ######## #### ########  ######## ########     ###     ######  ########
     ##        ##  ##     ## ##       ##     ##  ##   ##  ##       ##
     ######    ##  ########  ######   ########  #########  ######  ######
     ##        ##  ##    ##  ##       ##     ## ##     ##       ## ##
     ##       #### ##     ## ######## ########  ##     ##  ######  ########

You're about to initialize a Firebase project in this directory:

  /home/tannal/tannalwork/projects/tannal.web.app

[info] 
=== Project Setup
[info] 
[info] First, let's associate this project directory with a Firebase project.
[info] You can create multiple project aliases by running firebase use --add, 
[info] but for now we'll just set up a default project.
[info] 
[debug] [2023-12-17T02:31:58.780Z] >>> [apiv2][query] GET https://firebase.googleapis.com/v1beta1/projects pageSize=100
[debug] [2023-12-17T02:31:59.831Z] <<< [apiv2][status] GET https://firebase.googleapis.com/v1beta1/projects 200
[debug] [2023-12-17T02:31:59.831Z] <<< [apiv2][body] GET https://firebase.googleapis.com/v1beta1/projects [omitted]
[info] i  Using project tannal (tannal) 
[info] 
=== Hosting Setup
[debug] [2023-12-17T02:32:01.064Z] >>> [apiv2][query] GET https://firebase.googleapis.com/v1beta1/projects/tannal [none]
[debug] [2023-12-17T02:32:01.876Z] <<< [apiv2][status] GET https://firebase.googleapis.com/v1beta1/projects/tannal 200
[debug] [2023-12-17T02:32:01.877Z] <<< [apiv2][body] GET https://firebase.googleapis.com/v1beta1/projects/tannal {"projectId":"tannal","projectNumber":"165005434949","displayName":"tannal","name":"projects/tannal","resources":{"hostingSite":"tannal","realtimeDatabaseInstance":"tannal-default-rtdb"},"state":"ACTIVE","etag":"1_a675ab83-37f4-461a-a9a6-726b4adfc9d7"}
[info] 
[info] Your public directory is the folder (relative to your project directory) that
[info] will contain Hosting assets to be uploaded with firebase deploy. If you
[info] have a build process for your assets, use your build's output directory.
[info] 
[info] ✔  Wrote dist/404.html 
[debug] [2023-12-17T02:44:09.571Z] >>> [apiv2][query] GET https://www.gstatic.com/firebasejs/releases.json [none]
[debug] [2023-12-17T02:44:09.802Z] <<< [apiv2][status] GET https://www.gstatic.com/firebasejs/releases.json 200
[debug] [2023-12-17T02:44:09.803Z] <<< [apiv2][body] GET https://www.gstatic.com/firebasejs/releases.json {"current":{"version":"10.7.1","browserURL":"https://www.gstatic.com/firebasejs/10.7.1/firebase.js","packageURL":"https://www.gstatic.com/firebasejs/10.7.1/firebase.tgz"},"live":{"version":"10.7","browserURL":"https://www.gstatic.com/firebasejs/live/10.7/firebase.js","packageURL":"https://www.gstatic.com/firebasejs/live/10.7/firebase.tgz"},"components":{"analytics":"https://www.gstatic.com/firebasejs/10.7.1/firebase-analytics.js","app":"https://www.gstatic.com/firebasejs/10.7.1/firebase-app.js","app-check":"https://www.gstatic.com/firebasejs/10.7.1/firebase-app-check.js","auth":"https://www.gstatic.com/firebasejs/10.7.1/firebase-auth.js","auth/cordova":"https://www.gstatic.com/firebasejs/10.7.1/firebase-auth/cordova.js","functions":"https://www.gstatic.com/firebasejs/10.7.1/firebase-functions.js","firestore":"https://www.gstatic.com/firebasejs/10.7.1/firebase-firestore.js","firestore/lite":"https://www.gstatic.com/firebasejs/10.7.1/firebase-firestore/lite.js","installations":"https://www.gstatic.com/firebasejs/10.7.1/firebase-installations.js","storage":"https://www.gstatic.com/firebasejs/10.7.1/firebase-storage.js","performance":"https://www.gstatic.com/firebasejs/10.7.1/firebase-performance.js","remote-config":"https://www.gstatic.com/firebasejs/10.7.1/firebase-remote-config.js","messaging":"https://www.gstatic.com/firebasejs/10.7.1/firebase-messaging.js","messaging/sw":"https://www.gstatic.com/firebasejs/10.7.1/firebase-messaging/sw.js","database":"https://www.gstatic.com/firebasejs/10.7.1/firebase-database.js","firestore.memory":"https://www.gstatic.com/firebasejs/10.7.1/firebase-firestore.memory.js"}}
[info] i  Skipping write of dist/index.html 
[info] 
[info] i  Detected a .git folder at /home/tannal/tannalwork/projects/tannal.web.app 
[info] i  Authorizing with GitHub to upload your service account to a GitHub repository's secrets store. 
[info] 
[info] Visit this URL on this device to log in:
[info] https://github.com/login/oauth/authorize?client_id=89cf50f02ac6aaed3484&state=64443170&redirect_uri=http%3A%2F%2Flocalhost%3A9005&scope=read%3Auser%20repo%20public_repo
[info] 
[info] Waiting for authentication...
[debug] [2023-12-17T02:45:15.574Z] >>> [apiv2][query] POST https://github.com/login/oauth/access_token [none]
[debug] [2023-12-17T02:45:15.574Z] >>> [apiv2][body] POST https://github.com/login/oauth/access_token [stream]
[debug] [2023-12-17T02:45:16.126Z] <<< [apiv2][status] POST https://github.com/login/oauth/access_token 200
[debug] [2023-12-17T02:45:16.126Z] <<< [apiv2][body] POST https://github.com/login/oauth/access_token {"access_token":"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","token_type":"bearer","scope":"read:user,repo"}
[debug] [2023-12-17T02:45:16.133Z] >>> [apiv2][query] GET https://api.github.com/user [none]
[debug] [2023-12-17T02:45:16.686Z] <<< [apiv2][status] GET https://api.github.com/user 200
[debug] [2023-12-17T02:45:16.686Z] <<< [apiv2][body] GET https://api.github.com/user {"login":"tannal","id":149947508,"node_id":"U_kgDOCPAEdA","avatar_url":"https://avatars.githubusercontent.com/u/149947508?v=4","gravatar_id":"","url":"https://api.github.com/users/tannal","html_url":"https://github.com/tannal","followers_url":"https://api.github.com/users/tannal/followers","following_url":"https://api.github.com/users/tannal/following{/other_user}","gists_url":"https://api.github.com/users/tannal/gists{/gist_id}","starred_url":"https://api.github.com/users/tannal/starred{/owner}{/repo}","subscriptions_url":"https://api.github.com/users/tannal/subscriptions","organizations_url":"https://api.github.com/users/tannal/orgs","repos_url":"https://api.github.com/users/tannal/repos","events_url":"https://api.github.com/users/tannal/events{/privacy}","received_events_url":"https://api.github.com/users/tannal/received_events","type":"User","site_admin":false,"name":"tannal","company":null,"blog":"tannal.glitch.me","location":null,"email":null,"hireable":null,"bio":"💻 Programming 🗽💿 Free software 🎹Music","twitter_username":null,"public_repos":11,"public_gists":0,"followers":0,"following":0,"created_at":"2023-11-05T13:29:27Z","updated_at":"2023-12-08T11:06:22Z","private_gists":0,"total_private_repos":0,"owned_private_repos":0,"disk_usage":1341,"collaborators":0,"two_factor_authentication":true,"plan":{"name":"free","space":976562499,"collaborators":0,"private_repos":10000}}
[info] 
[info] ✔  Success! Logged into GitHub as tannal 
[info] 
[debug] [2023-12-17T02:45:36.840Z] >>> [apiv2][query] GET https://api.github.com/repos/tannal/tannal.web.app/actions/secrets/public-key type=owner
[debug] [2023-12-17T02:45:37.351Z] <<< [apiv2][status] GET https://api.github.com/repos/tannal/tannal.web.app/actions/secrets/public-key 404
[debug] [2023-12-17T02:45:37.351Z] <<< [apiv2][body] GET https://api.github.com/repos/tannal/tannal.web.app/actions/secrets/public-key {"message":"Not Found","documentation_url":"https://docs.github.com/rest/actions/secrets#get-a-repository-public-key"}
[info] 
[info] 
[error] ⚠  The provided authorization cannot be used with this repository. If this repository is in an organization, did you remember to grant access? 
[info] 
[info] i  Action required: Visit this URL to ensure access has been granted to the appropriate organization(s) for the Firebase CLI GitHub OAuth App: 
[info] https://github.com/settings/connections/applications/89cf50f02ac6aaed3484
[info] 
